<?xml version="1.0" encoding="UTF-8"?>
<testsuite name="junittest.TestJunit3" tests="1" skipped="0" failures="0" errors="0" timestamp="2016-11-02T13:47:03" hostname="ubuntu" time="0.001">
  <properties/>
  <testcase name="testAdd" classname="junittest.TestJunit3" time="0.001"/>
  <system-out><![CDATA[any test code here
]]></system-out>
  <system-err><![CDATA[]]></system-err>
</testsuite>
