<?xml version="1.0" encoding="UTF-8"?>
<testsuite name="junittest.example.JunitAnnotation" tests="2" skipped="0" failures="0" errors="0" timestamp="2016-11-02T13:47:03" hostname="ubuntu" time="0.013">
  <properties/>
  <testcase name="test" classname="junittest.example.JunitAnnotation" time="0.006"/>
  <testcase name="test2" classname="junittest.example.JunitAnnotation" time="0.005"/>
  <system-out><![CDATA[ in before class 
 in before
 in test1
 in after
 in before
 in test2
 in after
 in after class 
]]></system-out>
  <system-err><![CDATA[]]></system-err>
</testsuite>
