<?xml version="1.0" encoding="UTF-8"?>
<testsuite name="TestJunit1" tests="1" skipped="0" failures="0" errors="0" timestamp="2016-11-02T06:47:21" hostname="ubuntu" time="0.007">
  <properties/>
  <testcase name="testAdd" classname="TestJunit1" time="0.007"/>
  <system-out><![CDATA[]]></system-out>
  <system-err><![CDATA[]]></system-err>
</testsuite>
