<?xml version="1.0" encoding="UTF-8"?>
<testsuite name="junittest.TestAssertions" tests="1" skipped="0" failures="0" errors="0" timestamp="2016-11-02T13:47:03" hostname="ubuntu" time="0.004">
  <properties/>
  <testcase name="testAssertions" classname="junittest.TestAssertions" time="0.004"/>
  <system-out><![CDATA[]]></system-out>
  <system-err><![CDATA[]]></system-err>
</testsuite>
